<?xml version="1.0" encoding="UTF-8"?>
<!-- Generated by org.testng.reporters.JUnitReportReporter -->
<testsuite skipped="2" hostname="ESPLL107" name="com.login_taroworks.LoginPage" tests="5" failures="0" timestamp="2020-10-22T17:14:51 IST" time="40.988" errors="0">
  <testcase name="hitUrl" time="8.599" classname="com.login_taroworks.LoginPage"/>
  <system-out/>
  <testcase name="loginPage" time="6.353" classname="com.login_taroworks.LoginPage"/>
  <system-out/>
  <testcase name="tmuPage" time="26.036" classname="com.login_taroworks.LoginPage"/>
  <system-out/>
  <testcase name="createSurvey" classname="com.login_taroworks.LoginPage">
    <skipped/>
  </testcase> <!-- createSurvey -->
  <system-out/>
  <testcase name="tapOnProfile" classname="com.login_taroworks.LoginPage">
    <skipped/>
  </testcase> <!-- tapOnProfile -->
  <system-out/>
</testsuite> <!-- com.login_taroworks.LoginPage -->
