<?xml version="1.0" encoding="UTF-8"?>
<!-- Generated by org.testng.reporters.JUnitReportReporter -->
<testsuite skipped="0" hostname="ESPLL107" name="com.Initialization.LaunchBrowser" tests="1" failures="0" timestamp="2020-10-14T17:55:59 IST" time="9.158" errors="0">
  <testcase name="hitUrl" time="9.158" classname="com.Initialization.LaunchBrowser"/>
  <system-out/>
</testsuite> <!-- com.Initialization.LaunchBrowser -->
