<?xml version="1.0" encoding="UTF-8"?>
<!-- Generated by org.testng.reporters.JUnitReportReporter -->
<testsuite skipped="0" hostname="ESPLL107" name="login_taroworks.LaunchBrowser" tests="1" failures="0" timestamp="2020-07-09T18:53:07 IST" time="13.178" errors="0">
  <testcase name="hitUrl" time="13.178" classname="login_taroworks.LaunchBrowser"/>
  <system-out/>
</testsuite> <!-- login_taroworks.LaunchBrowser -->
