<?xml version="1.0" encoding="UTF-8"?>
<!-- Generated by org.testng.reporters.JUnitReportReporter -->
<testsuite skipped="0" hostname="ESPLL107" name="login_taroworks.LoginPage" tests="1" failures="0" timestamp="2020-07-09T18:09:01 IST" time="20.138" errors="0">
  <testcase name="hitUrl" time="20.138" classname="login_taroworks.LoginPage"/>
  <system-out/>
</testsuite> <!-- login_taroworks.LoginPage -->
